<?xml version="1.0" encoding="UTF-8"?>
<!-- Generated by org.testng.reporters.JUnitReportReporter -->
<testsuite hostname="LAPTOP-TFKS32F3" failures="0" tests="3" name="Project_Mav.GroupTest" time="0.011" errors="0" timestamp="2023-02-17T10:52:41 IST" skipped="0">
  <testcase classname="Project_Mav.GroupTest" name="testcase1" time="0.009"/>
  <system-out/>
  <testcase classname="Project_Mav.GroupTest" name="testcase2" time="0.001"/>
  <system-out/>
  <testcase classname="Project_Mav.GroupTest" name="testcase3" time="0.001"/>
  <system-out/>
</testsuite> <!-- Project_Mav.GroupTest -->
