<?xml version="1.0" encoding="UTF-8"?>
<!-- Generated by org.testng.reporters.JUnitReportReporter -->
<testsuite hostname="LAPTOP-TFKS32F3" failures="0" tests="1" name="Project_Mav.Checking" time="217.844" errors="0" timestamp="2023-05-25T23:02:56 IST" skipped="0">
  <testcase classname="Project_Mav.Checking" name="AddingNewUser" time="217.844"/>
  <system-out/>
</testsuite> <!-- Project_Mav.Checking -->
