<?xml version="1.0" encoding="UTF-8"?>
<!-- Generated by org.testng.reporters.JUnitReportReporter -->
<testsuite skipped="0" hostname="LAPTOP-TFKS32F3" name="Project_Mav.AssertConditions" tests="3" failures="0" timestamp="2022-12-14T13:18:39 IST" time="0.015" errors="0">
  <testcase name="Name" time="0.010" classname="Project_Mav.AssertConditions"/>
  <system-out/>
  <testcase name="Name1" time="0.002" classname="Project_Mav.AssertConditions"/>
  <system-out/>
  <testcase name="Name2" time="0.003" classname="Project_Mav.AssertConditions"/>
  <system-out/>
</testsuite> <!-- Project_Mav.AssertConditions -->
