<?xml version="1.0" encoding="UTF-8"?>
<!-- Generated by org.testng.reporters.JUnitReportReporter -->
<testsuite skipped="0" hostname="LAPTOP-TFKS32F3" name="Project_Mav.NewTestng" tests="1" failures="0" timestamp="2022-12-08T15:01:01 IST" time="3.058" errors="0">
  <testcase name="f" time="3.058" classname="Project_Mav.NewTestng"/>
  <system-out/>
</testsuite> <!-- Project_Mav.NewTestng -->
