<?xml version="1.0" encoding="UTF-8"?>
<!-- Generated by org.testng.reporters.JUnitReportReporter -->
<testsuite hostname="LAPTOP-TFKS32F3" failures="0" tests="2" name="Project_Mav.Extent_Report" time="19.976" errors="0" timestamp="2023-01-26T13:07:01 IST" skipped="0">
  <testcase classname="Project_Mav.Extent_Report" name="Ohrm_Login" time="15.107"/>
  <system-out/>
  <testcase classname="Project_Mav.Extent_Report" name="ohrm_Logout" time="4.869"/>
  <system-out/>
</testsuite> <!-- Project_Mav.Extent_Report -->
