<?xml version="1.0" encoding="UTF-8"?>
<!-- Generated by org.testng.reporters.JUnitReportReporter -->
<testsuite skipped="0" hostname="LAPTOP-TFKS32F3" name="Project_Mav.Parallel_Test" tests="1" failures="0" timestamp="2022-12-17T10:48:45 IST" time="18.093" errors="0">
  <testcase name="test1" time="18.093" classname="Project_Mav.Parallel_Test"/>
  <system-out/>
</testsuite> <!-- Project_Mav.Parallel_Test -->
