<?xml version="1.0" encoding="UTF-8"?>
<!-- Generated by org.testng.reporters.JUnitReportReporter -->
<testsuite skipped="0" hostname="LAPTOP-TFKS32F3" name="Project_Mav.func_sm" tests="2" failures="0" timestamp="2022-12-17T12:35:53 IST" time="22.326" errors="0">
  <testcase name="func1" time="12.188" classname="Project_Mav.func_sm"/>
  <system-out/>
  <testcase name="func2" time="10.138" classname="Project_Mav.func_sm"/>
  <system-out/>
</testsuite> <!-- Project_Mav.func_sm -->
