<?xml version="1.0" encoding="UTF-8"?>
<!-- Generated by org.testng.reporters.JUnitReportReporter -->
<testsuite skipped="0" hostname="LAPTOP-TFKS32F3" name="Project_Mav.frames" tests="1" failures="0" timestamp="2022-12-16T15:45:25 IST" time="0.325" errors="0">
  <testcase name="Frames" time="0.325" classname="Project_Mav.frames"/>
  <system-out/>
</testsuite> <!-- Project_Mav.frames -->
