<?xml version="1.0" encoding="UTF-8"?>
<!-- Generated by org.testng.reporters.JUnitReportReporter -->
<testsuite skipped="0" hostname="LAPTOP-TFKS32F3" name="Project_Mav.mav_new" tests="1" failures="0" timestamp="2022-12-09T12:06:26 IST" time="7.317" errors="0">
  <testcase name="actions" time="7.317" classname="Project_Mav.mav_new"/>
  <system-out/>
</testsuite> <!-- Project_Mav.mav_new -->
