<?xml version="1.0" encoding="UTF-8"?>
<!-- Generated by org.testng.reporters.JUnitReportReporter -->
<testsuite skipped="0" hostname="LAPTOP-TFKS32F3" name="Project_Mav.Ohrm_assignmennt" tests="3" failures="0" timestamp="2022-12-20T12:43:11 IST" time="18.259" errors="0">
  <testcase name="Login" time="4.314" classname="Project_Mav.Ohrm_assignmennt"/>
  <system-out/>
  <testcase name="Admin" time="8.721" classname="Project_Mav.Ohrm_assignmennt"/>
  <system-out/>
  <testcase name="user_delete" time="5.224" classname="Project_Mav.Ohrm_assignmennt"/>
  <system-out/>
</testsuite> <!-- Project_Mav.Ohrm_assignmennt -->
