<?xml version="1.0" encoding="UTF-8"?>
<!-- Generated by org.testng.reporters.JUnitReportReporter -->
<testsuite hostname="LAPTOP-TFKS32F3" failures="0" tests="27" name="Project_Mav.TestQA" time="384.938" errors="0" timestamp="2023-01-28T14:11:01 IST" skipped="0">
  <testcase classname="Project_Mav.TestQA" name="text" time="21.813"/>
  <system-out/>
  <testcase classname="Project_Mav.TestQA" name="Check_Box" time="8.302"/>
  <system-out/>
  <testcase classname="Project_Mav.TestQA" name="Radio_Button" time="6.222"/>
  <system-out/>
  <testcase classname="Project_Mav.TestQA" name="Web_Table" time="20.638"/>
  <system-out/>
  <testcase classname="Project_Mav.TestQA" name="Buttons" time="11.112"/>
  <system-out/>
  <testcase classname="Project_Mav.TestQA" name="Links" time="20.080"/>
  <system-out/>
  <testcase classname="Project_Mav.TestQA" name="broken_link" time="13.698"/>
  <system-out/>
  <testcase classname="Project_Mav.TestQA" name="download_upload" time="8.808"/>
  <system-out/>
  <testcase classname="Project_Mav.TestQA" name="dynamic_properties" time="9.736"/>
  <system-out/>
  <testcase classname="Project_Mav.TestQA" name="forms" time="22.624"/>
  <system-out/>
  <testcase classname="Project_Mav.TestQA" name="brawser_windows_tab" time="14.548"/>
  <system-out/>
  <testcase classname="Project_Mav.TestQA" name="new_window" time="12.264"/>
  <system-out/>
  <testcase classname="Project_Mav.TestQA" name="new_message_window" time="8.815"/>
  <system-out/>
  <testcase classname="Project_Mav.TestQA" name="Alert" time="29.798"/>
  <system-out/>
  <testcase classname="Project_Mav.TestQA" name="frames" time="10.728"/>
  <system-out/>
  <testcase classname="Project_Mav.TestQA" name="Nestedframes" time="5.133"/>
  <system-out/>
  <testcase classname="Project_Mav.TestQA" name="Model_Dialogs" time="16.301"/>
  <system-out/>
  <testcase classname="Project_Mav.TestQA" name="Accordian" time="17.295"/>
  <system-out/>
  <testcase classname="Project_Mav.TestQA" name="Auto_Complete" time="20.318"/>
  <system-out/>
  <testcase classname="Project_Mav.TestQA" name="Date_picker" time="13.951"/>
  <system-out/>
  <testcase classname="Project_Mav.TestQA" name="Slider" time="5.560"/>
  <system-out/>
  <testcase classname="Project_Mav.TestQA" name="Progress_Bar" time="18.800"/>
  <system-out/>
  <testcase classname="Project_Mav.TestQA" name="Tabs" time="12.261"/>
  <system-out/>
  <testcase classname="Project_Mav.TestQA" name="Tool_Tips" time="14.159"/>
  <system-out/>
  <testcase classname="Project_Mav.TestQA" name="Menu" time="13.413"/>
  <system-out/>
  <testcase classname="Project_Mav.TestQA" name="Select_Menu" time="17.638"/>
  <system-out/>
  <testcase classname="Project_Mav.TestQA" name="Sortable" time="10.923"/>
  <system-out/>
</testsuite> <!-- Project_Mav.TestQA -->
