<?xml version="1.0" encoding="UTF-8"?>
<!-- Generated by org.testng.reporters.JUnitReportReporter -->
<testsuite skipped="1" hostname="LAPTOP-TFKS32F3" name="Project_Mav.java_Script_executor" tests="2" failures="0" timestamp="2022-12-17T10:44:22 IST" time="13.256" errors="0">
  <testcase name="testcase1" time="13.256" classname="Project_Mav.java_Script_executor"/>
  <system-out/>
  <testcase name="testcase2" classname="Project_Mav.java_Script_executor">
    <skipped/>
  </testcase> <!-- testcase2 -->
  <system-out/>
</testsuite> <!-- Project_Mav.java_Script_executor -->
