<?xml version="1.0" encoding="UTF-8"?>
<!-- Generated by org.testng.reporters.JUnitReportReporter -->
<testsuite hostname="LAPTOP-TFKS32F3" failures="0" tests="11" name="rahulshetty_academy.rs_assignment" time="86.130" errors="0" timestamp="2023-01-04T11:07:19 IST" skipped="0">
  <testcase classname="rahulshetty_academy.rs_assignment" name="RB_Example" time="6.083"/>
  <system-out/>
  <testcase classname="rahulshetty_academy.rs_assignment" name="Suggestion" time="4.784"/>
  <system-out/>
  <testcase classname="rahulshetty_academy.rs_assignment" name="Dropdown" time="8.851"/>
  <system-out/>
  <testcase classname="rahulshetty_academy.rs_assignment" name="checkbox" time="6.051"/>
  <system-out/>
  <testcase classname="rahulshetty_academy.rs_assignment" name="Switch_window" time="11.878"/>
  <system-out/>
  <testcase classname="rahulshetty_academy.rs_assignment" name="Switch_Tab" time="9.089"/>
  <system-out/>
  <testcase classname="rahulshetty_academy.rs_assignment" name="Switch_To_Alert" time="11.847"/>
  <system-out/>
  <testcase classname="rahulshetty_academy.rs_assignment" name="Element_Display" time="9.172"/>
  <system-out/>
  <testcase classname="rahulshetty_academy.rs_assignment" name="table" time="3.025"/>
  <system-out/>
  <testcase classname="rahulshetty_academy.rs_assignment" name="Mouse_hover" time="8.721"/>
  <system-out/>
  <testcase classname="rahulshetty_academy.rs_assignment" name="iframe" time="6.629"/>
  <system-out/>
</testsuite> <!-- rahulshetty_academy.rs_assignment -->
