<?xml version="1.0" encoding="UTF-8"?>
<!-- Generated by org.testng.reporters.JUnitReportReporter -->
<testsuite hostname="LAPTOP-TFKS32F3" failures="0" tests="11" name="rahulshetty_academy.rs_assignment" time="101.499" errors="0" timestamp="2023-02-27T13:07:43 IST" skipped="0">
  <testcase classname="rahulshetty_academy.rs_assignment" name="RB_Example" time="6.124"/>
  <system-out/>
  <testcase classname="rahulshetty_academy.rs_assignment" name="Suggestion" time="4.890"/>
  <system-out/>
  <testcase classname="rahulshetty_academy.rs_assignment" name="Dropdown" time="8.925"/>
  <system-out/>
  <testcase classname="rahulshetty_academy.rs_assignment" name="checkbox" time="6.163"/>
  <system-out/>
  <testcase classname="rahulshetty_academy.rs_assignment" name="Switch_window" time="11.582"/>
  <system-out/>
  <testcase classname="rahulshetty_academy.rs_assignment" name="Switch_Tab" time="10.159"/>
  <system-out/>
  <testcase classname="rahulshetty_academy.rs_assignment" name="Switch_To_Alert" time="12.042"/>
  <system-out/>
  <testcase classname="rahulshetty_academy.rs_assignment" name="Element_Display" time="9.440"/>
  <system-out/>
  <testcase classname="rahulshetty_academy.rs_assignment" name="table" time="3.048"/>
  <system-out/>
  <testcase classname="rahulshetty_academy.rs_assignment" name="Mouse_hover" time="22.428"/>
  <system-out/>
  <testcase classname="rahulshetty_academy.rs_assignment" name="iframe" time="6.698"/>
  <system-out/>
</testsuite> <!-- rahulshetty_academy.rs_assignment -->
