<?xml version="1.0" encoding="UTF-8"?>
<!-- Generated by org.testng.reporters.JUnitReportReporter -->
<testsuite hostname="LAPTOP-TFKS32F3" failures="0" tests="1" name="rahulshetty_academy.testQA_test" time="38.230" errors="0" timestamp="2023-02-13T23:50:11 IST" skipped="0">
  <testcase classname="rahulshetty_academy.testQA_test" name="f" time="38.230"/>
  <system-out/>
</testsuite> <!-- rahulshetty_academy.testQA_test -->
