<?xml version="1.0" encoding="UTF-8"?>
<!-- Generated by org.testng.reporters.JUnitReportReporter -->
<testsuite hostname="LAPTOP-TFKS32F3" failures="0" tests="5" name="Learning.Testng" time="2.244" errors="0" timestamp="2023-03-08T13:14:22 IST" skipped="1">
  <testcase classname="Learning.Testng" name="login" time="2.222"/>
  <system-out/>
  <testcase classname="Learning.Testng" name="LOOP" time="0.008"/>
  <system-out/>
  <testcase classname="Learning.Testng" name="LOOP" time="0.006"/>
  <system-out/>
  <testcase classname="Learning.Testng" name="LOOP" time="0.008"/>
  <system-out/>
  <testcase classname="Learning.Testng" name="logout">
    <skipped/>
  </testcase> <!-- logout -->
  <system-out/>
</testsuite> <!-- Learning.Testng -->
