<?xml version="1.0" encoding="UTF-8"?>
<!-- Generated by org.testng.reporters.JUnitReportReporter -->
<testsuite skipped="0" hostname="LAPTOP-TFKS32F3" name="Learning.Testng" tests="2" failures="0" timestamp="2022-12-08T14:13:51 IST" time="7.914" errors="0">
  <testcase name="login" time="3.909" classname="Learning.Testng"/>
  <system-out/>
  <testcase name="logout" time="4.005" classname="Learning.Testng"/>
  <system-out/>
</testsuite> <!-- Learning.Testng -->
