<?xml version="1.0" encoding="UTF-8"?>
<!-- Generated by org.testng.reporters.JUnitReportReporter -->
<testsuite hostname="LAPTOP-TFKS32F3" failures="0" tests="1" name="assignment.OhrmAssignment" time="63.200" errors="0" timestamp="2023-05-31T00:00:09 IST" skipped="0">
  <testcase classname="assignment.OhrmAssignment" name="AddingNewUser" time="63.200"/>
  <system-out/>
</testsuite> <!-- assignment.OhrmAssignment -->
