<?xml version="1.0" encoding="UTF-8"?>
<!-- Generated by org.testng.reporters.JUnitReportReporter -->
<testsuite hostname="LAPTOP-TFKS32F3" failures="0" tests="1" name="Runner.Test_runner" time="16.761" errors="0" timestamp="2023-02-07T19:33:33 IST" skipped="0">
  <testcase classname="Runner.Test_runner" name="runScenario" time="16.761"/>
  <system-out/>
</testsuite> <!-- Runner.Test_runner -->
